Line 37: Class MSDataGridLib.DataGrid of control DataGrid1 was not a loaded control class.
Line 38: The property name Bindings in DataGrid1 is invalid.
Line 44: The property name _ExtentX in DataGrid1 is invalid.
Line 45: The property name _ExtentY in DataGrid1 is invalid.
Line 46: The property name _Version in DataGrid1 is invalid.
Line 47: The property name AllowUpdate in DataGrid1 is invalid.
Line 50: The property name HeadLines in DataGrid1 is invalid.
Line 51: The property name RowHeight in DataGrid1 is invalid.
Line 52: The property name FormatLocked in DataGrid1 is invalid.
Line 61: The property name HeadFont in DataGrid1 is invalid.
Line 72: The property name Caption in DataGrid1 is invalid.
Line 73: The property name ColumnCount in DataGrid1 is invalid.
Line 86: The property name Column00 in DataGrid1 is invalid.
Line 99: The property name Column01 in DataGrid1 is invalid.
Line 112: The property name Column02 in DataGrid1 is invalid.
Line 125: The property name Column03 in DataGrid1 is invalid.
Line 138: The property name Column04 in DataGrid1 is invalid.
Line 139: The property name SplitCount in DataGrid1 is invalid.
Line 156: The property name Split0 in DataGrid1 is invalid.
Line 38: The property name Bindings in DataGrid1 is invalid.
Line 44: The property name _ExtentX in DataGrid1 is invalid.
Line 45: The property name _ExtentY in DataGrid1 is invalid.
Line 46: The property name _Version in DataGrid1 is invalid.
Line 47: The property name AllowUpdate in DataGrid1 is invalid.
Line 50: The property name HeadLines in DataGrid1 is invalid.
Line 51: The property name RowHeight in DataGrid1 is invalid.
Line 52: The property name FormatLocked in DataGrid1 is invalid.
Line 61: The property name HeadFont in DataGrid1 is invalid.
Line 72: The property name Caption in DataGrid1 is invalid.
Line 73: The property name ColumnCount in DataGrid1 is invalid.
Line 86: The property name Column00 in DataGrid1 is invalid.
Line 99: The property name Column01 in DataGrid1 is invalid.
Line 112: The property name Column02 in DataGrid1 is invalid.
Line 125: The property name Column03 in DataGrid1 is invalid.
Line 138: The property name Column04 in DataGrid1 is invalid.
Line 139: The property name SplitCount in DataGrid1 is invalid.
Line 156: The property name Split0 in DataGrid1 is invalid.
Line 38: The property name Bindings in DataGrid1 is invalid.
Line 44: The property name _ExtentX in DataGrid1 is invalid.
Line 45: The property name _ExtentY in DataGrid1 is invalid.
Line 46: The property name _Version in DataGrid1 is invalid.
Line 47: The property name AllowUpdate in DataGrid1 is invalid.
Line 50: The property name HeadLines in DataGrid1 is invalid.
Line 51: The property name RowHeight in DataGrid1 is invalid.
Line 52: The property name FormatLocked in DataGrid1 is invalid.
Line 61: The property name HeadFont in DataGrid1 is invalid.
Line 72: The property name Caption in DataGrid1 is invalid.
Line 73: The property name ColumnCount in DataGrid1 is invalid.
Line 86: The property name Column00 in DataGrid1 is invalid.
Line 99: The property name Column01 in DataGrid1 is invalid.
Line 112: The property name Column02 in DataGrid1 is invalid.
Line 125: The property name Column03 in DataGrid1 is invalid.
Line 138: The property name Column04 in DataGrid1 is invalid.
Line 139: The property name SplitCount in DataGrid1 is invalid.
Line 156: The property name Split0 in DataGrid1 is invalid.
